2025-06-06 09:14:40,994 - semgrep.notifications - WARNING - METRICS: Using configs from the Registry (like --config=p/ci) reports pseudonymous rule metrics to semgrep.dev.
To disable Registry rule metrics, use "--metrics=off".
Using configs only from local files (like --config=xyz.yml) does not enable metrics.

More information: https://semgrep.dev/docs/metrics

2025-06-06 09:14:40,995 - semgrep.run_scan - DEBUG - semgrep version 1.2.0
2025-06-06 09:14:40,999 - semgrep.git - DEBUG - Failed to get project url from 'git ls-remote': Command failed with exit code: 128
-----
Command failed with output:
fatal: No remote configured to list refs from.


Failed to run 'git ls-remote --get-url'. Possible reasons:

- the git binary is not available
- the current working directory is not a git repository
- the baseline commit is not a parent of the current commit
    (if you are running through semgrep-app, check if you are setting `SEMGREP_BRANCH` or `SEMGREP_BASELINE_COMMIT` properly)
- the current working directory is not marked as safe
    (fix with `git config --global --add safe.directory $(pwd)`)

Try running the command yourself to debug the issue.
2025-06-06 09:14:41,000 - semgrep.config_resolver - DEBUG - Loading local config from /home/runner/workspace/.config/.semgrep/semgrep_rules.json
2025-06-06 09:14:41,002 - semgrep.config_resolver - DEBUG - Done loading local config from /home/runner/workspace/.config/.semgrep/semgrep_rules.json
2025-06-06 09:14:41,004 - semgrep.config_resolver - DEBUG - Saving rules to /tmp/semgrep-7ribi4ka.rules
2025-06-06 09:14:41,162 - semgrep.semgrep_core - DEBUG - Failed to open resource semgrep-core-proprietary: [Errno 2] No such file or directory: '/tmp/_MEI0WYOed/semgrep/bin/semgrep-core-proprietary'.
2025-06-06 09:14:41,600 - semgrep.rule_lang - DEBUG - semgrep-core validation response: valid=True
2025-06-06 09:14:41,600 - semgrep.rule_lang - DEBUG - semgrep-core validation succeeded
2025-06-06 09:14:41,600 - semgrep.rule_lang - DEBUG - RPC validation succeeded
2025-06-06 09:14:41,601 - semgrep.config_resolver - DEBUG - loaded 1 configs in 0.6010499000549316
2025-06-06 09:14:41,679 - semgrep.run_scan - VERBOSE - running 712 rules from 1 config /home/runner/workspace/.config/.semgrep/semgrep_rules.json_0
2025-06-06 09:14:41,680 - semgrep.run_scan - VERBOSE - No .semgrepignore found. Using default .semgrepignore rules. See the docs for the list of default ignores: https://semgrep.dev/docs/cli-usage/#ignore-files
2025-06-06 09:14:41,682 - semgrep.run_scan - VERBOSE - Rules:
2025-06-06 09:14:41,682 - semgrep.run_scan - VERBOSE - <SKIPPED DATA (too many entries; use --max-log-list-entries)>
2025-06-06 09:14:42,124 - semgrep.core_runner - DEBUG - Passing whole rules directly to semgrep_core
2025-06-06 09:14:42,286 - semgrep.core_runner - DEBUG - Running Semgrep engine with command:
2025-06-06 09:14:42,286 - semgrep.core_runner - DEBUG - /tmp/_MEI0WYOed/semgrep/bin/opengrep-core -json -rules /tmp/tmpl08etehm.json -j 8 -targets /tmp/tmpifiju6kk -timeout 5 -timeout_threshold 3 -max_memory 0 -fast
2025-06-06 09:14:49,061 - semgrep.core_runner - DEBUG - --- semgrep-core stderr ---
[00.08][[34mINFO[0m]: Executed as: /tmp/_MEI0WYOed/semgrep/bin/opengrep-core -json -rules /tmp/tmpl08etehm.json -j 8 -targets /tmp/tmpifiju6kk -timeout 5 -timeout_threshold 3 -max_memory 0 -fast
[00.08][[34mINFO[0m]: Version: 1.2.0
[00.08][[34mINFO[0m]: Parsing rules in /tmp/tmpl08etehm.json
[00.51][[34mINFO[0m]: scan: processing 285 files (skipping 0), with 454 rules (skipping 0 )
[03.03][[33mWARNING[0m]: Fixpoint timeout while performing taint analysis [rule: config..semgrep.vendored-rules.javascript.lang.security.audit.detect-non-literal-require file: client/src/components/ayah-display.tsx func: ???]
[0m[03.13][[33mWARNING[0m]: Fixpoint timeout while performing taint analysis [rule: config..semgrep.vendored-rules.javascript.lang.security.audit.detect-non-literal-require file: client/src/components/ayah-display.tsx func: ???]
[0m[05.65][[33mWARNING[0m]: Fixpoint timeout while performing taint analysis [rule: config..semgrep.vendored-rules.javascript.lang.security.audit.path-traversal.path-join-resolve-traversal file: server/storage.ts func: preloadAudioFiles:28362]
[0m[06.15][[33mWARNING[0m]: Fixpoint timeout while performing taint analysis [rule: config..semgrep.vendored-rules.javascript.express.security.injection.raw-html-format file: client/src/components/favorite-verses-collection.tsx func: ???]
[0m[06.74][[34mINFO[0m]: Custom ignore pattern: None
[06.74][[34mINFO[0m]: Custom ignore pattern: None
--- end semgrep-core stderr ---
2025-06-06 09:14:49,068 - semgrep.rule_match - DEBUG - match_key = ('', PosixPath('client/index.html'), 'config..semgrep.vendored-rules.html.security.audit.missing-integrity') match_id = 0ee74fd49637bebe183eca7188dbde26e386314e62cc2e7ba1ee60b377b638243fcd84e6c6fa04886198ccacfa6a711bfbcc61a28f9ddc913d5b3c53083cbc90_0
2025-06-06 09:14:49,069 - semgrep.rule_match - DEBUG - match_key = (' type="text/javascript" src="https://replit.com/public/js/replit-dev-banner.js" (?is).*integrity= (google-analytics\\.com|fonts\\.googleapis\\.com|fonts\\.gstatic\\.com|googletagmanager\\.com) .*rel\\s*=\\s*[\'"]?preconnect.* href="... :// ..." href="//..." href=\'... :// ...\' href=\'//...\' src="... :// ..." src="//..." src=\'... :// ...\' src=\'//...\' <link  type="text/javascript" src="https://replit.com/public/js/replit-dev-banner.js" > <script  type="text/javascript" src="https://replit.com/public/js/replit-dev-banner.js" >...</script>', PosixPath('client/index.html'), 'config..semgrep.vendored-rules.html.security.audit.missing-integrity') match_id = 0728b64e224596592d04447ba8a642ff94e1fb9fcc07be26d49dc7e7f6898e638ad16ffcaca086932c58f4c6400fe32603323afef02cf9bfebcb0e4a53562a40_0
2025-06-06 09:14:49,070 - semgrep.rule_match - DEBUG - match_key = (' type="text/javascript" src="https://replit.com/public/js/replit-dev-banner.js" (?is).*integrity= (google-analytics\\.com|fonts\\.googleapis\\.com|fonts\\.gstatic\\.com|googletagmanager\\.com) .*rel\\s*=\\s*[\'"]?preconnect.* href="... :// ..." href="//..." href=\'... :// ...\' href=\'//...\' src="... :// ..." src="//..." src=\'... :// ...\' src=\'//...\' <link  type="text/javascript" src="https://replit.com/public/js/replit-dev-banner.js" > <script  type="text/javascript" src="https://replit.com/public/js/replit-dev-banner.js" >...</script>', PosixPath('client/index.html'), 'config..semgrep.vendored-rules.html.security.audit.missing-integrity') match_id = 0728b64e224596592d04447ba8a642ff94e1fb9fcc07be26d49dc7e7f6898e638ad16ffcaca086932c58f4c6400fe32603323afef02cf9bfebcb0e4a53562a40_0
2025-06-06 09:14:49,070 - semgrep.rule_match - DEBUG - match_key = (' type="text/javascript" src="https://replit.com/public/js/replit-dev-banner.js" (?is).*integrity= (google-analytics\\.com|fonts\\.googleapis\\.com|fonts\\.gstatic\\.com|googletagmanager\\.com) .*rel\\s*=\\s*[\'"]?preconnect.* href="... :// ..." href="//..." href=\'... :// ...\' href=\'//...\' src="... :// ..." src="//..." src=\'... :// ...\' src=\'//...\' <link  type="text/javascript" src="https://replit.com/public/js/replit-dev-banner.js" > <script  type="text/javascript" src="https://replit.com/public/js/replit-dev-banner.js" >...</script>', PosixPath('client/index.html'), 'config..semgrep.vendored-rules.html.security.audit.missing-integrity') match_id = 0728b64e224596592d04447ba8a642ff94e1fb9fcc07be26d49dc7e7f6898e638ad16ffcaca086932c58f4c6400fe32603323afef02cf9bfebcb0e4a53562a40_0
2025-06-06 09:14:49,071 - semgrep.rule_match - DEBUG - match_key = ('', PosixPath('client/src/components/verse-search.tsx'), 'config..semgrep.vendored-rules.javascript.lang.security.audit.detect-non-literal-regexp') match_id = ff88bc054acbaa963accb59b71fe9940e2bf8db9410a49862b23b4195320f8716fe6f1118922d24af85684835279bf1fc309cdc5944e08c6f2bf061722c72da8_0
2025-06-06 09:14:49,071 - semgrep.rule_match - DEBUG - match_key = ('keyword function ... (...,keyword,...) {...}\n RegExp("...", ...) RegExp(keyword, ...) new RegExp(keyword, ...) RegExp(/.../, ...) new RegExp("...", ...) new RegExp(/.../, ...)', PosixPath('client/src/components/verse-search.tsx'), 'config..semgrep.vendored-rules.javascript.lang.security.audit.detect-non-literal-regexp') match_id = 91ad20ef86aae8a2da4fe914c41916bb4928f71739cf353bf02d8fab689de7416feaa919fc7bbac74277fe72e17f9d0ac3f679a5ebfc6fcb94c9943aa9ca8ed1_0
2025-06-06 09:14:49,072 - semgrep.rule_match - DEBUG - match_key = ('keyword function ... (...,keyword,...) {...}\n RegExp("...", ...) RegExp(keyword, ...) new RegExp(keyword, ...) RegExp(/.../, ...) new RegExp("...", ...) new RegExp(/.../, ...)', PosixPath('client/src/components/verse-search.tsx'), 'config..semgrep.vendored-rules.javascript.lang.security.audit.detect-non-literal-regexp') match_id = 91ad20ef86aae8a2da4fe914c41916bb4928f71739cf353bf02d8fab689de7416feaa919fc7bbac74277fe72e17f9d0ac3f679a5ebfc6fcb94c9943aa9ca8ed1_0
2025-06-06 09:14:49,072 - semgrep.rule_match - DEBUG - match_key = ('keyword function ... (...,keyword,...) {...}\n RegExp("...", ...) RegExp(keyword, ...) new RegExp(keyword, ...) RegExp(/.../, ...) new RegExp("...", ...) new RegExp(/.../, ...)', PosixPath('client/src/components/verse-search.tsx'), 'config..semgrep.vendored-rules.javascript.lang.security.audit.detect-non-literal-regexp') match_id = 91ad20ef86aae8a2da4fe914c41916bb4928f71739cf353bf02d8fab689de7416feaa919fc7bbac74277fe72e17f9d0ac3f679a5ebfc6fcb94c9943aa9ca8ed1_0
2025-06-06 09:14:49,073 - semgrep.rule_match - DEBUG - match_key = ('', PosixPath('server/storage.ts'), 'config..semgrep.vendored-rules.javascript.lang.security.audit.unsafe-formatstring') match_id = 35769e1779f9335583c9ca24d934fa0c230e02acf2de975e8cbcb2f396ae816fd7b003203dc97d48dfee5c4cba20904749f2b31fa0f6544b5c881a424d309885_0
2025-06-06 09:14:49,073 - semgrep.rule_match - DEBUG - match_key = ('"..." + "..."\n $X + $Y $X.concat($Y) `...${...}...`\n $X.concat("...")\n `Failed to cache audio for Surah surahId, Ayah ayahNumber: $UTIL = require(\'util\')\n...\n $UTIL.format(`Failed to cache audio for Surah surahId, Ayah ayahNumber:,error,...)\n console.warn(`Failed to cache audio for Surah surahId, Ayah ayahNumber:,error,...)\n', PosixPath('server/storage.ts'), 'config..semgrep.vendored-rules.javascript.lang.security.audit.unsafe-formatstring') match_id = 0427a3747e0aecec316983df393d6f57b60db62ce3d1945f7ca68d01be5938bdce15ca5ba26fba9e9a2dfb19309aba99e530676d1cd9635f8c645be941462a56_0
2025-06-06 09:14:49,074 - semgrep.rule_match - DEBUG - match_key = ('"..." + "..."\n $X + $Y $X.concat($Y) `...${...}...`\n $X.concat("...")\n `Failed to cache audio for Surah surahId, Ayah ayahNumber: $UTIL = require(\'util\')\n...\n $UTIL.format(`Failed to cache audio for Surah surahId, Ayah ayahNumber:,error,...)\n console.warn(`Failed to cache audio for Surah surahId, Ayah ayahNumber:,error,...)\n', PosixPath('server/storage.ts'), 'config..semgrep.vendored-rules.javascript.lang.security.audit.unsafe-formatstring') match_id = 0427a3747e0aecec316983df393d6f57b60db62ce3d1945f7ca68d01be5938bdce15ca5ba26fba9e9a2dfb19309aba99e530676d1cd9635f8c645be941462a56_0
2025-06-06 09:14:49,074 - semgrep.rule_match - DEBUG - match_key = ('"..." + "..."\n $X + $Y $X.concat($Y) `...${...}...`\n $X.concat("...")\n `Failed to cache audio for Surah surahId, Ayah ayahNumber: $UTIL = require(\'util\')\n...\n $UTIL.format(`Failed to cache audio for Surah surahId, Ayah ayahNumber:,error,...)\n console.warn(`Failed to cache audio for Surah surahId, Ayah ayahNumber:,error,...)\n', PosixPath('server/storage.ts'), 'config..semgrep.vendored-rules.javascript.lang.security.audit.unsafe-formatstring') match_id = 0427a3747e0aecec316983df393d6f57b60db62ce3d1945f7ca68d01be5938bdce15ca5ba26fba9e9a2dfb19309aba99e530676d1cd9635f8c645be941462a56_0
2025-06-06 09:14:49,076 - semgrep.core_runner - DEBUG - semgrep ran in 0:00:06.951432 on 98 files
2025-06-06 09:14:49,077 - semgrep.core_runner - DEBUG - findings summary: 2 warning, 0 error, 1 info
2025-06-06 09:14:49,079 - semgrep.app.auth - DEBUG - Getting API token from settings file
2025-06-06 09:14:49,079 - semgrep.app.auth - DEBUG - No API token found in settings file
2025-06-06 09:14:49,080 - semgrep.semgrep_core - DEBUG - Failed to open resource semgrep-core-proprietary: [Errno 2] No such file or directory: '/tmp/_MEI0WYOed/semgrep/bin/semgrep-core-proprietary'.
2025-06-06 09:14:49,187 - semgrep.output - VERBOSE - 
========================================
Files skipped:
========================================

  Always skipped by Opengrep:

   • <none>

  Skipped by .gitignore:
  (Disable by passing --no-git-ignore)

   • <all files not listed by `git ls-files` were skipped>

  Skipped by .semgrepignore:
  - https://semgrep.dev/docs/ignoring-files-folders-code/#understand-semgrep-defaults

   • <none>

  Skipped by --include patterns:

   • <none>

  Skipped by --exclude patterns:

   • <none>

  Files skipped due to insufficient read permissions:

   • <none>

  Skipped by limiting to files smaller than 1000000 bytes:
  (Adjust with the --max-target-bytes flag)

   • <none>

  Partially analyzed due to parsing or internal Opengrep errors

   • tailwind.config.ts (1 lines skipped)

2025-06-06 09:14:49,188 - semgrep.output - INFO - Some files were skipped or only partially analyzed.
  Scan was limited to files tracked by git.
  Partially scanned: 1 files only partially analyzed due to parsing or internal Opengrep errors

Ran 435 rules on 98 files: 3 findings.
2025-06-06 09:14:49,188 - semgrep.app.version - DEBUG - Version cache does not exist
2025-06-06 09:14:49,201 - semgrep.metrics - VERBOSE - Not sending pseudonymous metrics since metrics are configured to OFF and registry usage is False
